/home/linx123-rtx/PaddleSeg/paddleseg/models/losses/decoupledsegnet_relax_boundary_loss.py:19: DeprecationWarning: Please use `shift` from the `scipy.ndimage` namespace, the `scipy.ndimage.interpolation` namespace is deprecated.
  from scipy.ndimage.interpolation import shift
/home/linx123-rtx/PaddleSeg/paddleseg/transforms/functional.py:18: DeprecationWarning: Please use `distance_transform_edt` from the `scipy.ndimage` namespace, the `scipy.ndimage.morphology` namespace is deprecated.
  from scipy.ndimage.morphology import distance_transform_edt
2022-07-20 17:19:19 [INFO]	
---------------Config Information---------------
batch_size: 8
iters: 90000
learning_rate:
  decay:
    end_lr: 0.0
    power: 0.9
    type: poly
  value: 5.0e-05
loss:
  coef:
  - 1
  - 200
  - 0.001
  types:
  - top_k_percent_pixels: 0.2
    type: CrossEntropyLoss
  - reduction: none
    type: MSELoss
  - reduction: none
    type: L1Loss
model:
  align_corners: true
  aspp_out_channels: 256
  aspp_ratios:
  - 1
  - 3
  - 6
  - 9
  backbone:
    output_stride: 32
    pretrained: https://bj.bcebos.com/paddleseg/dygraph/resnet50_vd_ssld_v2.tar.gz
    type: ResNet50_vd
  backbone_indices:
  - 2
  - 1
  - 0
  - 3
  decoder_channels: 256
  instance_aspp_out_channels: 256
  instance_class_key:
  - center
  - offset
  instance_decoder_channels: 128
  instance_head_channels: 32
  instance_low_level_channels_projects:
  - 64
  - 32
  - 16
  instance_num_classes:
  - 1
  - 2
  low_level_channels_projects:
  - 128
  - 64
  - 32
  type: PanopticDeepLab
optimizer:
  type: adam
train_dataset:
  dataset_root: data/cityscapes
  ignore_stuff_in_offset: true
  mode: train
  small_instance_area: 4096
  small_instance_weight: 3
  transforms:
  - max_scale_factor: 2.0
    min_scale_factor: 0.5
    scale_step_size: 0.25
    type: ResizeStepScaling
  - crop_size:
    - 1025
    - 513
    label_padding_value:
    - 0
    - 0
    - 0
    type: RandomPaddingCrop
  - type: RandomHorizontalFlip
  - brightness_range: 0.4
    contrast_range: 0.4
    saturation_range: 0.4
    type: RandomDistort
  - type: Normalize
  type: CityscapesPanoptic
val_dataset:
  dataset_root: data/cityscapes
  ignore_stuff_in_offset: true
  mode: val
  small_instance_area: 4096
  small_instance_weight: 3
  transforms:
  - label_padding_value:
    - 0
    - 0
    - 0
    target_size:
    - 2049
    - 1025
    type: Padding
  - type: Normalize
  type: CityscapesPanoptic
------------------------------------------------
Traceback (most recent call last):
  File "predict.py", line 185, in <module>
    main(args)
  File "predict.py", line 166, in main
    model = cfg.model
  File "/home/linx123-rtx/PaddleSeg/paddleseg/cvlibs/config.py", line 322, in model
    if hasattr(self.train_dataset_class, 'NUM_CLASSES'):
  File "/home/linx123-rtx/PaddleSeg/paddleseg/cvlibs/config.py", line 352, in train_dataset_class
    return self._load_component(dataset_type)
  File "/home/linx123-rtx/PaddleSeg/paddleseg/cvlibs/config.py", line 383, in _load_component
    raise RuntimeError(
RuntimeError: The specified component was not found CityscapesPanoptic.
